<?xml version="1.0" encoding="UTF-8"?>
<!-- Generated by org.testng.reporters.JUnitXMLReporter -->
<testsuite ignored="0" hostname="LAPTOP-7RS9FQA9" failures="0" tests="3" name="Surefire test" time="1.539" errors="0" timestamp="20 Dec 2021 13:50:12 GMT">
  <testcase classname="com.page.LoginTest" name="ValidateCourse" time="0.084"/>
  <testcase classname="com.page.LoginTest" name="ValidateHeading" time="0.031"/>
  <testcase classname="com.page.LoginTest" name="loginValid" time="1.412"/>
</testsuite> <!-- Surefire test -->
