<?xml version="1.0" encoding="UTF-8"?>
<!-- Generated by org.testng.reporters.JUnitXMLReporter -->
<testsuite ignored="0" hostname="LAPTOP-7RS9FQA9" failures="2" tests="5" name="Test" time="10.132" errors="0" timestamp="22 Dec 2021 08:10:09 GMT">
  <testcase classname="com.pageTest.LoginTest" name="loginValid" time="1.466"/>
  <testcase classname="com.pageTest.LoginTest" name="validateCourse" time="0.044"/>
  <testcase classname="com.pageTest.LoginTest" name="validateHeading" time="0.038"/>
  <testcase classname="com.pageTest.DashboardTest" name="validContent" time="0.003">
    <failure type="java.lang.NullPointerException">
      <![CDATA[java.lang.NullPointerException
at com.pageTest.DashboardTest.validContent(DashboardTest.java:28)
... Removed 29 stack frames]]>
    </failure>
  </testcase> <!-- validContent -->
  <testcase classname="com.pageTest.DashboardTest" name="validCourse" time="0.001">
    <failure type="java.lang.NullPointerException">
      <![CDATA[java.lang.NullPointerException
at com.pageTest.DashboardTest.validCourse(DashboardTest.java:23)
... Removed 29 stack frames]]>
    </failure>
  </testcase> <!-- validCourse -->
</testsuite> <!-- Test -->
