<?xml version="1.0" encoding="UTF-8"?>
<testsuite xmlns:xsi="http://www.w3.org/2001/XMLSchema-instance" xsi:noNamespaceSchemaLocation="https://maven.apache.org/surefire/maven-surefire-plugin/xsd/surefire-test-report-3.0.xsd" version="3.0" name="TestSuite" time="16.628" tests="5" errors="0" skipped="0" failures="2">
  <properties>
[...]
</properties>
  <testcase name="loginValid" classname="com.pageTest.LoginTest" time="1.416">
    <system-out><![CDATA[[TestNGContentHandler] [WARN] It is strongly recommended to add "<!DOCTYPE suite SYSTEM "http://testng.org/testng-1.0.dtd" >" at the top of your file, otherwise TestNG may fail or not work as expected.
12-22-2021 13:39:55 BaseClass.java INFO  [main] base.BaseClass 29 - reading Browser name from properties file
12-22-2021 13:39:55 PropertiesUtility.java INFO  [main] base.BaseClass 15 - reading Property file
12-22-2021 13:39:55 BaseClass.java INFO  [main] base.BaseClass 32 - reading URL from properties file
12-22-2021 13:39:55 PropertiesUtility.java INFO  [main] base.BaseClass 15 - reading Property file
12-22-2021 13:39:55 BaseClass.java INFO  [main] base.BaseClass 36 - Chrome browser is Launching
12-22-2021 13:39:57 BaseClass.java INFO  [main] base.BaseClass 46 - Maximazing browser window
12-22-2021 13:39:58 BaseClass.java INFO  [main] base.BaseClass 48 - applying waits on driver instance
12-22-2021 13:39:58 BaseClass.java INFO  [main] base.BaseClass 51 - launching an application
12-22-2021 13:39:59 BaseClass.java INFO  [main] base.BaseClass 74 - initializing extent report
12-22-2021 13:39:59 BaseClass.java INFO  [main] base.BaseClass 78 - extent report will be available in target folder after execution
12-22-2021 13:39:59 ListenerEx.java INFO  [main] base.BaseClass 41 - test module started
12-22-2021 13:39:59 BaseClass.java INFO  [main] base.BaseClass 29 - reading Browser name from properties file
12-22-2021 13:39:59 PropertiesUtility.java INFO  [main] base.BaseClass 15 - reading Property file
12-22-2021 13:39:59 BaseClass.java INFO  [main] base.BaseClass 32 - reading URL from properties file
12-22-2021 13:39:59 PropertiesUtility.java INFO  [main] base.BaseClass 15 - reading Property file
12-22-2021 13:39:59 BaseClass.java INFO  [main] base.BaseClass 36 - Chrome browser is Launching
12-22-2021 13:40:01 BaseClass.java INFO  [main] base.BaseClass 46 - Maximazing browser window
12-22-2021 13:40:01 BaseClass.java INFO  [main] base.BaseClass 48 - applying waits on driver instance
12-22-2021 13:40:01 BaseClass.java INFO  [main] base.BaseClass 51 - launching an application
12-22-2021 13:40:02 BaseClass.java INFO  [main] base.BaseClass 74 - initializing extent report
12-22-2021 13:40:02 BaseClass.java INFO  [main] base.BaseClass 78 - extent report will be available in target folder after execution
12-22-2021 13:40:02 ListenerEx.java INFO  [main] base.BaseClass 14 - testcase is started for execution
]]></system-out>
    <system-err><![CDATA[Starting ChromeDriver 95.0.4638.54 (d31a821ec901f68d0d34ccdbaea45b4c86ce543e-refs/branch-heads/4638@{#871}) on port 25471
Only local connections are allowed.
Please see https://chromedriver.chromium.org/security-considerations for suggestions on keeping ChromeDriver safe.
ChromeDriver was started successfully.
[1640160597.563][WARNING]: This version of ChromeDriver has not been tested with Chrome version 96.
Dec 22, 2021 1:39:57 PM org.openqa.selenium.remote.ProtocolHandshake createSession
INFO: Detected dialect: W3C
Starting ChromeDriver 95.0.4638.54 (d31a821ec901f68d0d34ccdbaea45b4c86ce543e-refs/branch-heads/4638@{#871}) on port 10418
Only local connections are allowed.
Please see https://chromedriver.chromium.org/security-considerations for suggestions on keeping ChromeDriver safe.
ChromeDriver was started successfully.
[1640160600.942][WARNING]: This version of ChromeDriver has not been tested with Chrome version 96.
Dec 22, 2021 1:40:01 PM org.openqa.selenium.remote.ProtocolHandshake createSession
INFO: Detected dialect: W3C
]]></system-err>
  </testcase>
  <testcase name="validateCourse" classname="com.pageTest.LoginTest" time="0.034">
    <system-out><![CDATA[12-22-2021 13:40:03 BaseClass.java INFO  [main] base.BaseClass 29 - reading Browser name from properties file
12-22-2021 13:40:03 PropertiesUtility.java INFO  [main] base.BaseClass 15 - reading Property file
12-22-2021 13:40:03 BaseClass.java INFO  [main] base.BaseClass 32 - reading URL from properties file
12-22-2021 13:40:03 PropertiesUtility.java INFO  [main] base.BaseClass 15 - reading Property file
12-22-2021 13:40:03 BaseClass.java INFO  [main] base.BaseClass 36 - Chrome browser is Launching
12-22-2021 13:40:05 BaseClass.java INFO  [main] base.BaseClass 46 - Maximazing browser window
12-22-2021 13:40:05 BaseClass.java INFO  [main] base.BaseClass 48 - applying waits on driver instance
12-22-2021 13:40:05 BaseClass.java INFO  [main] base.BaseClass 51 - launching an application
12-22-2021 13:40:06 BaseClass.java INFO  [main] base.BaseClass 74 - initializing extent report
12-22-2021 13:40:06 BaseClass.java INFO  [main] base.BaseClass 78 - extent report will be available in target folder after execution
12-22-2021 13:40:06 ListenerEx.java INFO  [main] base.BaseClass 14 - testcase is started for execution
courses are available
]]></system-out>
    <system-err><![CDATA[Starting ChromeDriver 95.0.4638.54 (d31a821ec901f68d0d34ccdbaea45b4c86ce543e-refs/branch-heads/4638@{#871}) on port 2594
Only local connections are allowed.
Please see https://chromedriver.chromium.org/security-considerations for suggestions on keeping ChromeDriver safe.
ChromeDriver was started successfully.
[1640160604.926][WARNING]: This version of ChromeDriver has not been tested with Chrome version 96.
Dec 22, 2021 1:40:05 PM org.openqa.selenium.remote.ProtocolHandshake createSession
INFO: Detected dialect: W3C
]]></system-err>
  </testcase>
  <testcase name="validateHeading" classname="com.pageTest.LoginTest" time="0.032">
    <system-out><![CDATA[12-22-2021 13:40:06 BaseClass.java INFO  [main] base.BaseClass 29 - reading Browser name from properties file
12-22-2021 13:40:06 PropertiesUtility.java INFO  [main] base.BaseClass 15 - reading Property file
12-22-2021 13:40:06 BaseClass.java INFO  [main] base.BaseClass 32 - reading URL from properties file
12-22-2021 13:40:06 PropertiesUtility.java INFO  [main] base.BaseClass 15 - reading Property file
12-22-2021 13:40:06 BaseClass.java INFO  [main] base.BaseClass 36 - Chrome browser is Launching
12-22-2021 13:40:07 BaseClass.java INFO  [main] base.BaseClass 46 - Maximazing browser window
12-22-2021 13:40:08 BaseClass.java INFO  [main] base.BaseClass 48 - applying waits on driver instance
12-22-2021 13:40:08 BaseClass.java INFO  [main] base.BaseClass 51 - launching an application
12-22-2021 13:40:09 BaseClass.java INFO  [main] base.BaseClass 74 - initializing extent report
12-22-2021 13:40:09 BaseClass.java INFO  [main] base.BaseClass 78 - extent report will be available in target folder after execution
12-22-2021 13:40:09 ListenerEx.java INFO  [main] base.BaseClass 14 - testcase is started for execution
heading is correct
]]></system-out>
    <system-err><![CDATA[Starting ChromeDriver 95.0.4638.54 (d31a821ec901f68d0d34ccdbaea45b4c86ce543e-refs/branch-heads/4638@{#871}) on port 28802
Only local connections are allowed.
Please see https://chromedriver.chromium.org/security-considerations for suggestions on keeping ChromeDriver safe.
ChromeDriver was started successfully.
[1640160607.715][WARNING]: This version of ChromeDriver has not been tested with Chrome version 96.
Dec 22, 2021 1:40:07 PM org.openqa.selenium.remote.ProtocolHandshake createSession
INFO: Detected dialect: W3C
]]></system-err>
  </testcase>
  <testcase name="validContent" classname="com.pageTest.DashboardTest" time="0.214">
    <failure type="java.lang.NullPointerException"><![CDATA[java.lang.NullPointerException
	at com.pageTest.DashboardTest.validContent(DashboardTest.java:28)
]]></failure>
    <system-out><![CDATA[12-22-2021 13:40:09 ListenerEx.java INFO  [main] base.BaseClass 14 - testcase is started for execution
]]></system-out>
  </testcase>
  <testcase name="validCourse" classname="com.pageTest.DashboardTest" time="0.175">
    <failure type="java.lang.NullPointerException"><![CDATA[java.lang.NullPointerException
	at com.pageTest.DashboardTest.validCourse(DashboardTest.java:23)
]]></failure>
    <system-out><![CDATA[12-22-2021 13:40:09 ListenerEx.java INFO  [main] base.BaseClass 14 - testcase is started for execution
]]></system-out>
  </testcase>
</testsuite>