<?xml version="1.0" encoding="UTF-8"?>
<testsuite xmlns:xsi="http://www.w3.org/2001/XMLSchema-instance" xsi:noNamespaceSchemaLocation="https://maven.apache.org/surefire/maven-surefire-plugin/xsd/surefire-test-report-3.0.xsd" version="3.0" name="com.page.LoginTest" time="8.356" tests="3" errors="0" skipped="0" failures="0">
  <properties>
[...]
</properties>
  <testcase name="ValidateCourse" classname="com.page.LoginTest" time="0.077">
    <system-out><![CDATA[12-20-2021 19:20:04 BaseClass.java INFO  [main] base.BaseClass 28 - reading Browser name from properties file
12-20-2021 19:20:04 PropertiesUtility.java INFO  [main] base.BaseClass 15 - reading Property file
12-20-2021 19:20:04 BaseClass.java INFO  [main] base.BaseClass 31 - reading URL from properties file
12-20-2021 19:20:04 PropertiesUtility.java INFO  [main] base.BaseClass 15 - reading Property file
12-20-2021 19:20:04 BaseClass.java INFO  [main] base.BaseClass 35 - Chrome browser is Launching
12-20-2021 19:20:08 BaseClass.java INFO  [main] base.BaseClass 45 - Maximazing browser window
12-20-2021 19:20:08 BaseClass.java INFO  [main] base.BaseClass 47 - applying waits on driver instance
12-20-2021 19:20:08 BaseClass.java INFO  [main] base.BaseClass 50 - launching an application
12-20-2021 19:20:10 BaseClass.java INFO  [main] base.BaseClass 73 - initializing extent report
12-20-2021 19:20:10 BaseClass.java INFO  [main] base.BaseClass 77 - extent report will be available in target folder after execution
courses are available
]]></system-out>
    <system-err><![CDATA[Starting ChromeDriver 95.0.4638.54 (d31a821ec901f68d0d34ccdbaea45b4c86ce543e-refs/branch-heads/4638@{#871}) on port 24144
Only local connections are allowed.
Please see https://chromedriver.chromium.org/security-considerations for suggestions on keeping ChromeDriver safe.
ChromeDriver was started successfully.
[1640008208.417][WARNING]: This version of ChromeDriver has not been tested with Chrome version 96.
Dec 20, 2021 7:20:08 PM org.openqa.selenium.remote.ProtocolHandshake createSession
INFO: Detected dialect: W3C
]]></system-err>
  </testcase>
  <testcase name="ValidateHeading" classname="com.page.LoginTest" time="0.03">
    <system-out><![CDATA[heading is correct
]]></system-out>
  </testcase>
  <testcase name="loginValid" classname="com.page.LoginTest" time="1.413"/>
</testsuite>